PARAMETRES
------------------
DFS 0
BFS 0
IDDFS 0
GG 0
A* 1
IDA* 0
H 0
IDDFS-Step 50
PrintState 0
CornerSense 1
------------------
START
------------------
        # # # # # 
        #       # 
        # $     # 
    # # #       # # 
    #             # 
# # #   #   # #   #       # # # # # # 
#       #   # #   # # # # #         # 
#                                 . # 
# # # # #   # # #   # @ # #         # 
        #           # # # # # # # # # 
        # # # # # # # 
&&
        # # # # # 
        #       # 
        # $     # 
    # # #       # # 
    #             # 
# # #   #   # #   #       # # # # # # 
#       #   # #   # # # # #         # 
#                     @           . # 
# # # # #   # # #   #   # #         # 
        #           # # # # # # # # # 
        # # # # # # # 
&&
        # # # # # 
        #       # 
        # $     # 
    # # #       # # 
    #             # 
# # #   #   # #   #       # # # # # # 
#       #   # #   # # # # #         # 
#                   @             . # 
# # # # #   # # #   #   # #         # 
        #           # # # # # # # # # 
        # # # # # # # 
&&
        # # # # # 
        #       # 
        # $     # 
    # # #       # # 
    #             # 
# # #   #   # #   #       # # # # # # 
#       #   # #   # # # # #         # 
#                 @               . # 
# # # # #   # # #   #   # #         # 
        #           # # # # # # # # # 
        # # # # # # # 
&&
        # # # # # 
        #       # 
        # $     # 
    # # #       # # 
    #             # 
# # #   #   # #   #       # # # # # # 
#       #   # #   # # # # #         # 
#               @                 . # 
# # # # #   # # #   #   # #         # 
        #           # # # # # # # # # 
        # # # # # # # 
&&
        # # # # # 
        #       # 
        # $     # 
    # # #       # # 
    #             # 
# # #   #   # #   #       # # # # # # 
#       #   # # @ # # # # #         # 
#                                 . # 
# # # # #   # # #   #   # #         # 
        #           # # # # # # # # # 
        # # # # # # # 
&&
        # # # # # 
        #       # 
        # $     # 
    # # #       # # 
    #             # 
# # #   #   # # @ #       # # # # # # 
#       #   # #   # # # # #         # 
#                                 . # 
# # # # #   # # #   #   # #         # 
        #           # # # # # # # # # 
        # # # # # # # 
&&
        # # # # # 
        #       # 
        # $     # 
    # # #       # # 
    #           @ # 
# # #   #   # #   #       # # # # # # 
#       #   # #   # # # # #         # 
#                                 . # 
# # # # #   # # #   #   # #         # 
        #           # # # # # # # # # 
        # # # # # # # 
&&
        # # # # # 
        #       # 
        # $     # 
    # # #       # # 
    #         @   # 
# # #   #   # #   #       # # # # # # 
#       #   # #   # # # # #         # 
#                                 . # 
# # # # #   # # #   #   # #         # 
        #           # # # # # # # # # 
        # # # # # # # 
&&
        # # # # # 
        #       # 
        # $     # 
    # # #     @ # # 
    #             # 
# # #   #   # #   #       # # # # # # 
#       #   # #   # # # # #         # 
#                                 . # 
# # # # #   # # #   #   # #         # 
        #           # # # # # # # # # 
        # # # # # # # 
&&
        # # # # # 
        #       # 
        # $     # 
    # # #   @   # # 
    #             # 
# # #   #   # #   #       # # # # # # 
#       #   # #   # # # # #         # 
#                                 . # 
# # # # #   # # #   #   # #         # 
        #           # # # # # # # # # 
        # # # # # # # 
&&
        # # # # # 
        #       # 
        # $ @   # 
    # # #       # # 
    #             # 
# # #   #   # #   #       # # # # # # 
#       #   # #   # # # # #         # 
#                                 . # 
# # # # #   # # #   #   # #         # 
        #           # # # # # # # # # 
        # # # # # # # 
&&
        # # # # # 
        #   @   # 
        # $     # 
    # # #       # # 
    #             # 
# # #   #   # #   #       # # # # # # 
#       #   # #   # # # # #         # 
#                                 . # 
# # # # #   # # #   #   # #         # 
        #           # # # # # # # # # 
        # # # # # # # 
&&
        # # # # # 
        # @     # 
        # $     # 
    # # #       # # 
    #             # 
# # #   #   # #   #       # # # # # # 
#       #   # #   # # # # #         # 
#                                 . # 
# # # # #   # # #   #   # #         # 
        #           # # # # # # # # # 
        # # # # # # # 
&&
        # # # # # 
        #       # 
        # @     # 
    # # # $     # # 
    #             # 
# # #   #   # #   #       # # # # # # 
#       #   # #   # # # # #         # 
#                                 . # 
# # # # #   # # #   #   # #         # 
        #           # # # # # # # # # 
        # # # # # # # 
&&
        # # # # # 
        #       # 
        #       # 
    # # # @     # # 
    #     $       # 
# # #   #   # #   #       # # # # # # 
#       #   # #   # # # # #         # 
#                                 . # 
# # # # #   # # #   #   # #         # 
        #           # # # # # # # # # 
        # # # # # # # 
&&
        # # # # # 
        #       # 
        #       # 
    # # #       # # 
    #     @       # 
# # #   # $ # #   #       # # # # # # 
#       #   # #   # # # # #         # 
#                                 . # 
# # # # #   # # #   #   # #         # 
        #           # # # # # # # # # 
        # # # # # # # 
&&
        # # # # # 
        #       # 
        #       # 
    # # #       # # 
    #             # 
# # #   # @ # #   #       # # # # # # 
#       # $ # #   # # # # #         # 
#                                 . # 
# # # # #   # # #   #   # #         # 
        #           # # # # # # # # # 
        # # # # # # # 
&&
        # # # # # 
        #       # 
        #       # 
    # # #       # # 
    #             # 
# # #   #   # #   #       # # # # # # 
#       # @ # #   # # # # #         # 
#         $                       . # 
# # # # #   # # #   #   # #         # 
        #           # # # # # # # # # 
        # # # # # # # 
&&
        # # # # # 
        #       # 
        #       # 
    # # #       # # 
    #             # 
# # #   # @ # #   #       # # # # # # 
#       #   # #   # # # # #         # 
#         $                       . # 
# # # # #   # # #   #   # #         # 
        #           # # # # # # # # # 
        # # # # # # # 
&&
        # # # # # 
        #       # 
        #       # 
    # # #       # # 
    #     @       # 
# # #   #   # #   #       # # # # # # 
#       #   # #   # # # # #         # 
#         $                       . # 
# # # # #   # # #   #   # #         # 
        #           # # # # # # # # # 
        # # # # # # # 
&&
        # # # # # 
        #       # 
        #       # 
    # # #       # # 
    #   @         # 
# # #   #   # #   #       # # # # # # 
#       #   # #   # # # # #         # 
#         $                       . # 
# # # # #   # # #   #   # #         # 
        #           # # # # # # # # # 
        # # # # # # # 
&&
        # # # # # 
        #       # 
        #       # 
    # # #       # # 
    # @           # 
# # #   #   # #   #       # # # # # # 
#       #   # #   # # # # #         # 
#         $                       . # 
# # # # #   # # #   #   # #         # 
        #           # # # # # # # # # 
        # # # # # # # 
&&
        # # # # # 
        #       # 
        #       # 
    # # #       # # 
    #             # 
# # # @ #   # #   #       # # # # # # 
#       #   # #   # # # # #         # 
#         $                       . # 
# # # # #   # # #   #   # #         # 
        #           # # # # # # # # # 
        # # # # # # # 
&&
        # # # # # 
        #       # 
        #       # 
    # # #       # # 
    #             # 
# # #   #   # #   #       # # # # # # 
#     @ #   # #   # # # # #         # 
#         $                       . # 
# # # # #   # # #   #   # #         # 
        #           # # # # # # # # # 
        # # # # # # # 
&&
        # # # # # 
        #       # 
        #       # 
    # # #       # # 
    #             # 
# # #   #   # #   #       # # # # # # 
#       #   # #   # # # # #         # 
#     @   $                       . # 
# # # # #   # # #   #   # #         # 
        #           # # # # # # # # # 
        # # # # # # # 
&&
        # # # # # 
        #       # 
        #       # 
    # # #       # # 
    #             # 
# # #   #   # #   #       # # # # # # 
#       #   # #   # # # # #         # 
#       @ $                       . # 
# # # # #   # # #   #   # #         # 
        #           # # # # # # # # # 
        # # # # # # # 
&&
        # # # # # 
        #       # 
        #       # 
    # # #       # # 
    #             # 
# # #   #   # #   #       # # # # # # 
#       #   # #   # # # # #         # 
#         @ $                     . # 
# # # # #   # # #   #   # #         # 
        #           # # # # # # # # # 
        # # # # # # # 
&&
        # # # # # 
        #       # 
        #       # 
    # # #       # # 
    #             # 
# # #   #   # #   #       # # # # # # 
#       #   # #   # # # # #         # 
#           @ $                   . # 
# # # # #   # # #   #   # #         # 
        #           # # # # # # # # # 
        # # # # # # # 
&&
        # # # # # 
        #       # 
        #       # 
    # # #       # # 
    #             # 
# # #   #   # #   #       # # # # # # 
#       #   # #   # # # # #         # 
#             @ $                 . # 
# # # # #   # # #   #   # #         # 
        #           # # # # # # # # # 
        # # # # # # # 
&&
        # # # # # 
        #       # 
        #       # 
    # # #       # # 
    #             # 
# # #   #   # #   #       # # # # # # 
#       #   # #   # # # # #         # 
#               @ $               . # 
# # # # #   # # #   #   # #         # 
        #           # # # # # # # # # 
        # # # # # # # 
&&
        # # # # # 
        #       # 
        #       # 
    # # #       # # 
    #             # 
# # #   #   # #   #       # # # # # # 
#       #   # #   # # # # #         # 
#                 @ $             . # 
# # # # #   # # #   #   # #         # 
        #           # # # # # # # # # 
        # # # # # # # 
&&
        # # # # # 
        #       # 
        #       # 
    # # #       # # 
    #             # 
# # #   #   # #   #       # # # # # # 
#       #   # #   # # # # #         # 
#                   @ $           . # 
# # # # #   # # #   #   # #         # 
        #           # # # # # # # # # 
        # # # # # # # 
&&
        # # # # # 
        #       # 
        #       # 
    # # #       # # 
    #             # 
# # #   #   # #   #       # # # # # # 
#       #   # #   # # # # #         # 
#                     @ $         . # 
# # # # #   # # #   #   # #         # 
        #           # # # # # # # # # 
        # # # # # # # 
&&
        # # # # # 
        #       # 
        #       # 
    # # #       # # 
    #             # 
# # #   #   # #   #       # # # # # # 
#       #   # #   # # # # #         # 
#                       @ $       . # 
# # # # #   # # #   #   # #         # 
        #           # # # # # # # # # 
        # # # # # # # 
&&
        # # # # # 
        #       # 
        #       # 
    # # #       # # 
    #             # 
# # #   #   # #   #       # # # # # # 
#       #   # #   # # # # #         # 
#                         @ $     . # 
# # # # #   # # #   #   # #         # 
        #           # # # # # # # # # 
        # # # # # # # 
&&
        # # # # # 
        #       # 
        #       # 
    # # #       # # 
    #             # 
# # #   #   # #   #       # # # # # # 
#       #   # #   # # # # #         # 
#                           @ $   . # 
# # # # #   # # #   #   # #         # 
        #           # # # # # # # # # 
        # # # # # # # 
&&
        # # # # # 
        #       # 
        #       # 
    # # #       # # 
    #             # 
# # #   #   # #   #       # # # # # # 
#       #   # #   # # # # #         # 
#                             @ $ . # 
# # # # #   # # #   #   # #         # 
        #           # # # # # # # # # 
        # # # # # # # 
&&
        # # # # # 
        #       # 
        #       # 
    # # #       # # 
    #             # 
# # #   #   # #   #       # # # # # # 
#       #   # #   # # # # #         # 
#                               @ $ # 
# # # # #   # # #   #   # #         # 
        #           # # # # # # # # # 
        # # # # # # # 
&&
Total cost: 59
Solution Depth: 39
Expanded Nodes: 311
Remaining Frontier: 46
0.037791
